real 0.02
user 0.11
sys 0.00
real 0.00
user 0.06
sys 0.00
real 0.00
user 0.05
sys 0.00
real 0.00
user 0.06
sys 0.00
real 0.00
user 0.06
sys 0.00
real 0.00
user 0.05
sys 0.00
real 0.00
user 0.05
sys 0.00
real 0.00
user 0.05
sys 0.00
real 0.00
user 0.06
sys 0.00
real 0.00
user 0.05
sys 0.00
real 0.00
user 0.05
sys 0.00
real 0.00
user 0.06
sys 0.00
real 0.00
user 0.06
sys 0.00
real 0.00
user 0.05
sys 0.00
real 0.00
user 0.05
sys 0.00
real 0.01
user 0.12
sys 0.00
real 0.00
user 0.05
sys 0.00
real 0.01
user 0.10
sys 0.00
real 0.00
user 0.05
sys 0.00
real 0.01
user 0.06
sys 0.00
real 0.00
user 0.06
sys 0.00
real 0.00
user 0.06
sys 0.00
real 0.00
user 0.06
sys 0.00
real 0.00
user 0.05
sys 0.00
real 0.00
user 0.05
sys 0.00
real 0.00
user 0.05
sys 0.00
real 0.00
user 0.06
sys 0.00
real 0.00
user 0.06
sys 0.00
real 0.00
user 0.05
sys 0.00
real 0.00
user 0.06
sys 0.00
