real 0.06
user 0.43
sys 0.01
real 0.06
user 0.42
sys 0.02
real 0.06
user 0.42
sys 0.02
real 0.07
user 0.43
sys 0.01
real 0.06
user 0.41
sys 0.04
real 0.07
user 0.43
sys 0.02
real 0.07
user 0.44
sys 0.01
real 0.07
user 0.41
sys 0.04
real 0.07
user 0.42
sys 0.03
real 0.06
user 0.42
sys 0.02
real 0.07
user 0.44
sys 0.02
real 0.06
user 0.43
sys 0.02
real 0.07
user 0.43
sys 0.02
real 0.07
user 0.43
sys 0.02
real 0.07
user 0.43
sys 0.00
real 0.06
user 0.45
sys 0.00
real 0.07
user 0.41
sys 0.03
real 0.06
user 0.44
sys 0.00
real 0.07
user 0.45
sys 0.00
real 0.06
user 0.41
sys 0.03
real 0.07
user 0.45
sys 0.01
real 0.07
user 0.45
sys 0.00
real 0.07
user 0.44
sys 0.01
real 0.07
user 0.44
sys 0.02
real 0.07
user 0.43
sys 0.02
real 0.07
user 0.44
sys 0.02
real 0.07
user 0.43
sys 0.02
real 0.07
user 0.45
sys 0.00
real 0.07
user 0.44
sys 0.01
real 0.07
user 0.46
sys 0.00
