real 0.28
user 1.60
sys 0.04
real 0.28
user 1.60
sys 0.05
real 0.28
user 1.60
sys 0.04
real 0.29
user 1.58
sys 0.05
real 0.29
user 1.62
sys 0.01
real 0.28
user 1.55
sys 0.08
real 0.29
user 1.60
sys 0.07
real 0.29
user 1.62
sys 0.05
real 0.29
user 1.70
sys 0.02
real 0.28
user 1.58
sys 0.06
real 0.30
user 1.66
sys 0.05
real 0.29
user 1.63
sys 0.05
real 0.29
user 1.66
sys 0.03
real 0.30
user 1.70
sys 0.04
real 0.29
user 1.70
sys 0.03
real 0.29
user 1.67
sys 0.02
real 0.31
user 1.69
sys 0.02
real 0.30
user 1.73
sys 0.03
real 0.30
user 1.70
sys 0.05
real 0.30
user 1.75
sys 0.02
real 0.30
user 1.72
sys 0.03
real 0.30
user 1.74
sys 0.03
real 0.30
user 1.77
sys 0.01
real 0.31
user 1.75
sys 0.06
real 0.30
user 1.75
sys 0.04
real 0.31
user 1.80
sys 0.03
real 0.31
user 1.81
sys 0.00
real 0.31
user 1.78
sys 0.05
real 0.32
user 1.87
sys 0.02
real 0.32
user 1.83
sys 0.04
